category,description,created_at,author,severity,is_historic,deep_link,path,value_hash,fingerprint,textual_context,activeness,tags,managed_location,managed_location_is_latest,total_managed_locations
secret,Password assignment,,,low,,file://leeui-MacBookPro.local/Applications/~
secret,Secret assignment,,,medium,,file://leeui-MacBookPro.local/Applications/~
secret,Password assignment,,,low,,file://leeui-MacBookPro.local/Applications/~
secret,Secret assignment,,,medium,,file://leeui-MacBookPro.local/Applications/~
secret,Secret assignment,,,medium,,file://leeui-MacBookPro.local/Applications/~
secret,Secret assignment,,,medium,,file://leeui-MacBookPro.local/Applications/~
secret,Secret assignment,,,medium,,file://leeui-MacBookPro.local/Applications/~
secret,Secret assignment,,,medium,,file://leeui-MacBookPro.local/Applications/~
secret,Secret assignment,,,medium,,file://leeui-MacBookPro.local/Applications/~
secret,Secret assignment,,,medium,,file://leeui-MacBookPro.local/Applications/~
secret,Secret assignment,,,medium,,file://leeui-MacBookPro.local/Applications/~
secret,Secret assignment,,,medium,,file://leeui-MacBookPro.local/Applications/~
secret,Secret assignment,,,medium,,file://leeui-MacBookPro.local/Applications/~
secret,Password assignment,,,low,,file://leeui-MacBookPro.local/Applications/~
secret,Password assignment,,,low,,file://leeui-MacBookPro.local/Applications/~
secret,Password in URL,,,low,,file://leeui-MacBookPro.local/Applications/~
secret,Private key,,,low,,file://leeui-MacBookPro.local/Applications/~
secret,Private key,,,low,,file://leeui-MacBookPro.local/Applications/~
secret,Private key,,,low,,file://leeui-MacBookPro.local/Applications/~
secret,Private key,,,low,,file://leeui-MacBookPro.local/Applications/~
secret,Password assignment,,,medium,,file://leeui-MacBookPro.local/Applications/~
secret,Private key,,,low,,file://leeui-MacBookPro.local/Applications/~
secret,Private key,,,low,,file://leeui-MacBookPro.local/Applications/~
secret,Private key,,,low,,file://leeui-MacBookPro.local/Applications/~
secret,Private key,,,low,,file://leeui-MacBookPro.local/Applications/~
secret,Hashed password,,,low,,file://leeui-MacBookPro.local/Applications/~
secret,Password assignment,,,low,,file://leeui-MacBookPro.local/Applications/~
secret,Password assignment,,,low,,file://leeui-MacBookPro.local/Applications/~
secret,Password assignment,,,low,,file://leeui-MacBookPro.local/Applications/~
secret,Password assignment,,,low,,file://leeui-MacBookPro.local/Applications/~
secret,Password assignment,,,low,,file://leeui-MacBookPro.local/Applications/~
secret,Password assignment,,,low,,file://leeui-MacBookPro.local/Applications/~
secret,Password assignment,,,low,,file://leeui-MacBookPro.local/Applications/~
secret,Password assignment,,,low,,file://leeui-MacBookPro.local/Applications/~
secret,Password assignment,,,low,,file://leeui-MacBookPro.local/Applications/~
secret,Password assignment,,,low,,file://leeui-MacBookPro.local/Applications/~
secret,Password assignment,,,low,,file://leeui-MacBookPro.local/Applications/~
secret,Password assignment,,,low,,file://leeui-MacBookPro.local/Applications/~
